Model Technology ModelSim SE-64 vcom 2020.2 Compiler 2020.04 Apr 19 2020
Start time: 14:11:55 on Oct 14,2020
vcom -2008 -work ModelSimWork/work ModelSimWork/src/*.vhd 
-- Loading package STANDARD
-- Loading package TEXTIO
-- Loading package std_logic_1164
-- Compiling entity ALU
-- Compiling architecture structure of ALU
-- Compiling entity andg2
-- Compiling architecture dataflow of andg2
-- Compiling entity BS
-- Compiling architecture structure of BS
-- Compiling entity ControlLogicModule
-- Compiling architecture behavioral of ControlLogicModule
-- Compiling entity datafullAdder
-- Compiling architecture dataflow of datafullAdder
-- Compiling entity datamux21
-- Compiling architecture dataflow of datamux21
-- Loading package NUMERIC_STD
-- Compiling entity dataNbitAdder
-- Compiling architecture dataflow of dataNbitAdder
-- Compiling entity decoder532
-- Compiling architecture dataflow of decoder532
-- Compiling entity dff
-- Compiling architecture mixed of dff
-- Compiling entity extender16to32
-- Compiling architecture behavior of extender16to32
-- Compiling entity first_MIPS_application
-- Compiling architecture structure of first_MIPS_application
-- Compiling entity fullAdder
-- Compiling architecture structure of fullAdder
-- Compiling entity FullALU
-- Compiling architecture structure of FullALU
-- Compiling entity invg
-- Compiling architecture dataflow of invg
-- Compiling entity mem
-- Compiling architecture rtl of mem
-- Loading package ENV
-- Compiling entity MIPS_Processor
-- Compiling architecture structure of MIPS_Processor
-- Compiling entity mux21
-- Compiling architecture structure of mux21
-- Compiling entity mux32to1
-- Compiling architecture dataflow of mux32to1
-- Compiling entity mux8to1
-- Compiling architecture dataflow of mux8to1
-- Compiling entity MuxData
-- Compiling architecture dataflow of MuxData
-- Compiling entity MuxStruct
-- Compiling architecture structure of MuxStruct
-- Compiling entity NbitAdder
-- Compiling architecture structure of NbitAdder
-- Compiling entity norg32
-- Compiling architecture dataflow of norg32
-- Compiling entity n_dff
-- Compiling architecture structure of n_dff
-- Compiling entity onesComplement
-- Compiling architecture structure of onesComplement
-- Compiling entity onesComplement2
-- Compiling architecture dataflow of onesComplement2
-- Compiling entity org2
-- Compiling architecture dataflow of org2
-- Compiling entity proja
-- Compiling architecture structure of proja
-- Compiling entity proja_1bitALU
-- Compiling architecture structure of proja_1bitALU
-- Compiling entity proja_32bitALU
-- Compiling architecture structure of proja_32bitALU
-- Compiling entity RBS
-- Compiling architecture structure of RBS
-- Compiling entity regFile
-- Compiling architecture structure of regFile
-- Loading package std_logic_textio
-- Compiling entity tb_SimplifiedMIPSProcessor
-- Compiling architecture mixed of tb_SimplifiedMIPSProcessor
-- Compiling entity xorg2
-- Compiling architecture dataflow of xorg2
End time: 14:11:56 on Oct 14,2020, Elapsed time: 0:00:01
Errors: 0, Warnings: 0
